retailiq-android0frontend/app/build/intermediates/manifest_merge_blame_file/debug/processDebugMainManifest/manifest-merger-blame-debug-report.txt
1<?xml version="1.0" encoding="utf-8"?>
2<manifest xmlns:android="http://schemas.android.com/apk/res/android"
3    package="com.retailiq.android"
4    android:versionCode="1"
5    android:versionName="0.1.0" >
6
7    <uses-sdk
8        android:minSdkVersion="26"
9        android:targetSdkVersion="35" />
10
11    <uses-permission android:name="android.permission.INTERNET" />
11-->src\main\AndroidManifest.xml:4:5-67
11-->src\main\AndroidManifest.xml:4:22-64
12
13    <permission
13-->[androidx.core:core:1.16.0] AndroidManifest.xml:22:5-24:47
14        android:name="com.retailiq.android.DYNAMIC_RECEIVER_NOT_EXPORTED_PERMISSION"
14-->[androidx.core:core:1.16.0] AndroidManifest.xml:23:9-81
15        android:protectionLevel="signature" />
15-->[androidx.core:core:1.16.0] AndroidManifest.xml:24:9-44
16
17    <uses-permission android:name="com.retailiq.android.DYNAMIC_RECEIVER_NOT_EXPORTED_PERMISSION" />
17-->[androidx.core:core:1.16.0] AndroidManifest.xml:26:5-97
17-->[androidx.core:core:1.16.0] AndroidManifest.xml:26:22-94
18
19    <application
19-->src\main\AndroidManifest.xml:6:5-22:19
20        android:allowBackup="true"
20-->src\main\AndroidManifest.xml:7:9-35
21        android:appComponentFactory="androidx.core.app.CoreComponentFactory"
21-->[androidx.core:core:1.16.0] AndroidManifest.xml:28:18-86
22        android:debuggable="true"
23        android:extractNativeLibs="false"
24        android:label="RetailIQ"
24-->src\main\AndroidManifest.xml:8:9-33
25        android:networkSecurityConfig="@xml/network_security_config"
25-->src\main\AndroidManifest.xml:9:9-69
26        android:supportsRtl="true"
26-->src\main\AndroidManifest.xml:10:9-35
27        android:theme="@android:style/Theme.Material.Light.NoActionBar"
27-->src\main\AndroidManifest.xml:12:9-72
28        android:usesCleartextTraffic="true" >
28-->src\main\AndroidManifest.xml:11:9-44
29        <activity
29-->src\main\AndroidManifest.xml:13:9-21:20
30            android:name="com.retailiq.android.MainActivity"
30-->src\main\AndroidManifest.xml:14:13-41
31            android:exported="true" >
31-->src\main\AndroidManifest.xml:15:13-36
32            <intent-filter>
32-->src\main\AndroidManifest.xml:16:13-20:29
33                <action android:name="android.intent.action.MAIN" />
33-->src\main\AndroidManifest.xml:17:17-69
33-->src\main\AndroidManifest.xml:17:25-66
34
35                <category android:name="android.intent.category.LAUNCHER" />
35-->src\main\AndroidManifest.xml:19:17-77
35-->src\main\AndroidManifest.xml:19:27-74
36            </intent-filter>
37        </activity>
38        <activity
38-->[androidx.compose.ui:ui-tooling-android:1.10.5] AndroidManifest.xml:23:9-25:39
39            android:name="androidx.compose.ui.tooling.PreviewActivity"
39-->[androidx.compose.ui:ui-tooling-android:1.10.5] AndroidManifest.xml:24:13-71
40            android:exported="true" />
40-->[androidx.compose.ui:ui-tooling-android:1.10.5] AndroidManifest.xml:25:13-36
41        <activity
41-->[androidx.compose.ui:ui-test-manifest:1.10.5] AndroidManifest.xml:23:9-26:79
42            android:name="androidx.activity.ComponentActivity"
42-->[androidx.compose.ui:ui-test-manifest:1.10.5] AndroidManifest.xml:24:13-63
43            android:exported="true"
43-->[androidx.compose.ui:ui-test-manifest:1.10.5] AndroidManifest.xml:25:13-36
44            android:theme="@android:style/Theme.Material.Light.NoActionBar" />
44-->[androidx.compose.ui:ui-test-manifest:1.10.5] AndroidManifest.xml:26:13-76
45
46        <uses-library
46-->[androidx.window:window:1.5.0] AndroidManifest.xml:23:9-25:40
47            android:name="androidx.window.extensions"
47-->[androidx.window:window:1.5.0] AndroidManifest.xml:24:13-54
48            android:required="false" />
48-->[androidx.window:window:1.5.0] AndroidManifest.xml:25:13-37
49        <uses-library
49-->[androidx.window:window:1.5.0] AndroidManifest.xml:26:9-28:40
50            android:name="androidx.window.sidecar"
50-->[androidx.window:window:1.5.0] AndroidManifest.xml:27:13-51
51            android:required="false" />
51-->[androidx.window:window:1.5.0] AndroidManifest.xml:28:13-37
52
53        <provider
53-->[androidx.emoji2:emoji2:1.4.0] AndroidManifest.xml:24:9-32:20
54            android:name="androidx.startup.InitializationProvider"
54-->[androidx.emoji2:emoji2:1.4.0] AndroidManifest.xml:25:13-67
55            android:authorities="com.retailiq.android.androidx-startup"
55-->[androidx.emoji2:emoji2:1.4.0] AndroidManifest.xml:26:13-68
56            android:exported="false" >
56-->[androidx.emoji2:emoji2:1.4.0] AndroidManifest.xml:27:13-37
57            <meta-data
57-->[androidx.emoji2:emoji2:1.4.0] AndroidManifest.xml:29:13-31:52
58                android:name="androidx.emoji2.text.EmojiCompatInitializer"
58-->[androidx.emoji2:emoji2:1.4.0] AndroidManifest.xml:30:17-75
59                android:value="androidx.startup" />
59-->[androidx.emoji2:emoji2:1.4.0] AndroidManifest.xml:31:17-49
60            <meta-data
60-->[androidx.lifecycle:lifecycle-process:2.10.0] AndroidManifest.xml:29:13-31:52
61                android:name="androidx.lifecycle.ProcessLifecycleInitializer"
61-->[androidx.lifecycle:lifecycle-process:2.10.0] AndroidManifest.xml:30:17-78
62                android:value="androidx.startup" />
62-->[androidx.lifecycle:lifecycle-process:2.10.0] AndroidManifest.xml:31:17-49
63            <meta-data
63-->[androidx.profileinstaller:profileinstaller:1.4.0] AndroidManifest.xml:29:13-31:52
64                android:name="androidx.profileinstaller.ProfileInstallerInitializer"
64-->[androidx.profileinstaller:profileinstaller:1.4.0] AndroidManifest.xml:30:17-85
65                android:value="androidx.startup" />
65-->[androidx.profileinstaller:profileinstaller:1.4.0] AndroidManifest.xml:31:17-49
66        </provider>
67
68        <receiver
68-->[androidx.profileinstaller:profileinstaller:1.4.0] AndroidManifest.xml:34:9-52:20
69            android:name="androidx.profileinstaller.ProfileInstallReceiver"
69-->[androidx.profileinstaller:profileinstaller:1.4.0] AndroidManifest.xml:35:13-76
70            android:directBootAware="false"
70-->[androidx.profileinstaller:profileinstaller:1.4.0] AndroidManifest.xml:36:13-44
71            android:enabled="true"
71-->[androidx.profileinstaller:profileinstaller:1.4.0] AndroidManifest.xml:37:13-35
72            android:exported="true"
72-->[androidx.profileinstaller:profileinstaller:1.4.0] AndroidManifest.xml:38:13-36
73            android:permission="android.permission.DUMP" >
73-->[androidx.profileinstaller:profileinstaller:1.4.0] AndroidManifest.xml:39:13-57
74            <intent-filter>
74-->[androidx.profileinstaller:profileinstaller:1.4.0] AndroidManifest.xml:40:13-42:29
75                <action android:name="androidx.profileinstaller.action.INSTALL_PROFILE" />
75-->[androidx.profileinstaller:profileinstaller:1.4.0] AndroidManifest.xml:41:17-91
75-->[androidx.profileinstaller:profileinstaller:1.4.0] AndroidManifest.xml:41:25-88
76            </intent-filter>
77            <intent-filter>
77-->[androidx.profileinstaller:profileinstaller:1.4.0] AndroidManifest.xml:43:13-45:29
78                <action android:name="androidx.profileinstaller.action.SKIP_FILE" />
78-->[androidx.profileinstaller:profileinstaller:1.4.0] AndroidManifest.xml:44:17-85
78-->[androidx.profileinstaller:profileinstaller:1.4.0] AndroidManifest.xml:44:25-82
79            </intent-filter>
80            <intent-filter>
80-->[androidx.profileinstaller:profileinstaller:1.4.0] AndroidManifest.xml:46:13-48:29
81                <action android:name="androidx.profileinstaller.action.SAVE_PROFILE" />
81-->[androidx.profileinstaller:profileinstaller:1.4.0] AndroidManifest.xml:47:17-88
81-->[androidx.profileinstaller:profileinstaller:1.4.0] AndroidManifest.xml:47:25-85
82            </intent-filter>
83            <intent-filter>
83-->[androidx.profileinstaller:profileinstaller:1.4.0] AndroidManifest.xml:49:13-51:29
84                <action android:name="androidx.profileinstaller.action.BENCHMARK_OPERATION" />
84-->[androidx.profileinstaller:profileinstaller:1.4.0] AndroidManifest.xml:50:17-95
84-->[androidx.profileinstaller:profileinstaller:1.4.0] AndroidManifest.xml:50:25-92
85            </intent-filter>
86        </receiver>
87    </application>
88
89</manifest>